Loaded map jan_23
Loaded 84 textures from jan_tex
Map background is yos_bg
Initializing OpenGL (version 4.6.0 NVIDIA 388.13)
Exec: Change Object Selection
Exec: Change Object Selection
Exec: Change Object Selection
Exec: Change Object Selection
Exec: Change Object Selection
Exec: Change Object Selection
Exec: Change Object Selection
Exec: Change Object Selection
Exec: Set Selection Mode
Exec: Set Selection Mode
Exec: Set Selection Mode
Exec: Switch to Texture Mode
Exec: Switch to VertexPaint Mode
Exec: Switch to Modify Mode
Exec: Switch to VertexPaint Mode
Exec: Painting 0 Verticies
Exec: Switch to Modify Mode
Exec: Change Object Selection
Exec: Change Object Selection
Exec: Change Object Selection
Exec: Change Object Selection
Exec: Transform Selection
Exec: Transform Selection
Undo: Transform Selection
Exec: Change Object Selection
Exec: Change Object Selection
Exec: Change Object Selection
Exec: Change Object Selection
Exec: Change Object Selection
Exec: Change Object Selection
Exec: Change Object Selection
Exec: Change Object Selection
Exec: Change Object Selection
Exec: Change Object Selection
Exec: Transform Selection
Undo: Transform Selection
Exec: Change Object Selection
Exec: Change Object Selection
Exec: Change Object Selection
Exec: Change Object Selection
Exec: Hide Markers
Exec: Show Markers
Exec: Hide Markers
Exec: Show Markers
Loaded map sbk_00
Loaded 44 textures from sbk_tex
Map background is sbk_bg
Exec: Hide Models
Exec: Show Models
Exec: Hide Colliders
Exec: Show Colliders
Exec: Hide Zones
Exec: Show Zones
Exec: Hide Markers
Exec: Show Markers
Exec: Hide Markers
Exec: Show Markers
Exec: Hide Markers
Exec: Show Markers
Exec: Hide Markers
Exec: Hide Zones
Exec: Show Zones
Exec: Hide Zones
Exec: Hide Colliders
Exec: Show Markers
Exec: Hide Models
Exec: Show Colliders
Exec: Show Models
Exec: Hide Colliders
Exec: Create Object
Exec: Transform Selection
Exec: Transform Selection
Exec: Transform Selection
Exec: Transform Selection
Exec: Switch to Texture Mode
Exec: Hide Models
Exec: Show Models
Exec: Show Colliders
Exec: Show Zones
Exec: Hide Markers
Exec: Hide Zones
Exec: Hide Colliders
Exec: Hide Models
Exec: Show Colliders
Exec: Show Models
Exec: Hide Colliders
Exec: Show Zones
Exec: Switch to Modify Mode
Exec: Switch to Texture Mode
Exec: Switch to Modify Mode
Exec: Switch to Texture Mode
Exec: Select Objects
Exec: Switch to Modify Mode
Exec: Switch to Texture Mode
Exec: Switch to Modify Mode
Exec: Change Object Selection
Exec: Change Object Selection
Exec: Change Object Selection
Exec: Change Object Selection
Exec: Change Object Selection
Exec: Switch to Texture Mode
Exec: Apply Texture to List
Exec: Apply Texture to List
Exec: Switch to Modify Mode
Exec: Set Selection Mode
Exec: Change Vertex Selection
Exec: Transform Selection
Exec: Transform Selection
Exec: Change Vertex Selection
Exec: Transform Selection
Exec: Set Selection Mode
Exec: Set Selection Mode
Exec: Transform Selection
Exec: Set Selection Mode
Exec: Change Object Selection
Exec: Change Object Selection
Exec: Change Object Selection
Exec: Change Object Selection
Exec: Change Object Selection
Exec: Transform Selection
Exec: Transform Selection
Exec: Transform Selection
Exec: Transform Selection
Exec: Transform Selection
Exec: Change Object Selection
Exec: Create Object
Exec: Switch to Texture Mode
Exec: Switch to Modify Mode
Exec: Transform Selection
Exec: Switch to Texture Mode
Exec: Apply Texture to List
Exec: Apply Texture to List
Exec: Apply Texture to List
Exec: Apply Texture to List
Exec: Apply Texture to List
Exec: Apply Texture to List
Exec: Switch to Modify Mode
Exec: Switch to UvEdit Mode
Exec: Change UV Selection
Exec: Transform Selection
Undo: Transform Selection
Exec: Transform Selection
Exec: Switch to Modify Mode
Exec: Switch to Texture Mode
Exec: Switch to Modify Mode
Exec: Transform Selection
Exec: Change Object Selection
Exec: Change Object Selection
Exec: Change Object Selection
Exec: Change Object Selection
Exec: Transform Selection
Undo: Transform Selection
Exec: Change Object Selection
Exec: Set Selection Mode
Exec: Change Triangle Selection
Exec: Transform Selection
Undo: Transform Selection
Exec: Change Object Selection
Exec: Transform Selection
Exec: Set Selection Mode
Exec: Set Selection Mode
Exec: Change Vertex Selection
Exec: Transform Selection
Exec: Change Vertex Selection
Exec: Transform Selection
Exec: Change Vertex Selection
Exec: Transform Selection
Exec: Transform Selection
Undo: Transform Selection
Exec: Change Vertex Selection
Exec: Transform Selection
Exec: Set Selection Mode
Exec: Transform Selection
Exec: Change Object Selection
Exec: Change Object Selection
Exec: Transform Selection
Exec: Transform Selection
Exec: Change Object Selection
Exec: Create Object
Exec: Transform Selection
Exec: Switch to Texture Mode
Exec: Switch to Modify Mode
Exec: Switch to UvEdit Mode
Exec: Change Object Selection
Exec: Change UV Selection
Exec: Transform Selection
Exec: Switch to Modify Mode
Exec: Switch to Texture Mode
Exec: Apply Texture to List
Exec: Apply Texture to List
Exec: Apply Texture to List
Exec: Apply Texture to List
Exec: Switch to Modify Mode
Exec: Set Selection Mode
Exec: Hide Models
Exec: Show Models
Exec: Show Colliders
Exec: Hide Colliders
Exec: Hide Zones
Exec: Show Markers
Exec: Hide Markers
Exec: Change Triangle Selection
Exec: Change Triangle Selection
Exec: Change Triangle Selection
Exec: Change Triangle Selection
Exec: Change Triangle Selection
Exec: Change Triangle Selection
Exec: Change Triangle Selection
Exec: Change Triangle Selection
Exec: Change Triangle Selection
Exec: Change Triangle Selection
Exec: Change Triangle Selection
Exec: Change Triangle Selection
Exec: Change Triangle Selection
Exec: Change Triangle Selection
Exec: Change Triangle Selection
Exec: Change Triangle Selection
Exec: Change Triangle Selection
Exec: Change Triangle Selection
Exec: Change Triangle Selection
Exec: Change Triangle Selection
Exec: Change Triangle Selection
Exec: Change Triangle Selection
Exec: Change Triangle Selection
Exec: Change Triangle Selection
Exec: Change Triangle Selection
Exec: Change Triangle Selection
Exec: Change Triangle Selection
Exec: Change Triangle Selection
Exec: Change Triangle Selection
Exec: Change Triangle Selection
Exec: Change Triangle Selection
Exec: Change Triangle Selection
Exec: Change Triangle Selection
Exec: Change Triangle Selection
Exec: Change Triangle Selection
Exec: Change Triangle Selection
Exec: Change Triangle Selection
Exec: Change Triangle Selection
Exec: Change Triangle Selection
Exec: Change Triangle Selection
Exec: Change Triangle Selection
Exec: Transform Selection
Undo: Transform Selection
Undo: Change Triangle Selection
Undo: Change Triangle Selection
Undo: Change Triangle Selection
Undo: Change Triangle Selection
Undo: Change Triangle Selection
Undo: Change Triangle Selection
Undo: Change Triangle Selection
Undo: Change Triangle Selection
Undo: Change Triangle Selection
Undo: Change Triangle Selection
Undo: Change Triangle Selection
Undo: Change Triangle Selection
Undo: Change Triangle Selection
Undo: Change Triangle Selection
Undo: Change Triangle Selection
Undo: Change Triangle Selection
Undo: Change Triangle Selection
Undo: Change Triangle Selection
Undo: Change Triangle Selection
Undo: Change Triangle Selection
Undo: Change Triangle Selection
Undo: Change Triangle Selection
Undo: Change Triangle Selection
Undo: Change Triangle Selection
Exec: Transform Selection
Exec: Set Selection Mode
Exec: Change Vertex Selection
Exec: Transform Selection
Undo: Transform Selection
Exec: Change Vertex Selection
Exec: Change Vertex Selection
Exec: Transform Selection
Exec: Transform Selection
Exec: Transform Selection
Exec: Set Selection Mode
Exec: Transform Selection
Exec: Transform Selection
Exec: Transform Selection
Exec: Change Object Selection
Exec: Change Object Selection
Exec: Change Object Selection
Exec: Transform Selection
Exec: Change Object Selection
Exec: Change Object Selection
Exec: Delete Assorted Selection
Exec: Change Object Selection
Exec: Change Object Selection
Exec: Change Object Selection
Saved config: mod.cfg
Exited without error.
